Setting seed to 2021
{'activation_fn': 'selu',
 'add_pe': True,
 'augmentation_ratio': 0,
 'batch_size': 32,
 'checkpoints': './checkpoints',
 'clip_grad_norm': 1.0,
 'condor_job': True,
 'data': 'custom',
 'data_path': 'weather.csv',
 'delay': 5,
 'des': 'test',
 'devices': '0,1',
 'dist_projection_dim': -1,
 'edm_dropout': 0.1,
 'embed': 'timeF',
 'features': 'M',
 'freq': 'h',
 'gpu': 0,
 'inverse': False,
 'is_training': 1,
 'itr': 1,
 'label_len': 48,
 'latent_channel_dim': -1,
 'learning_rate': 0.0005,
 'loss': 'mae_tdt',
 'loss_type': 'mae',
 'lradj': 'custom',
 'min_lr': 5e-05,
 'mlp_dropout': 0.1,
 'model': 'DeepEDM',
 'model_config': {'edm_params': {'activation_fn': 'selu',
                                 'add_pe': True,
                                 'delay': 5,
                                 'dist_projection_dim': 64,
                                 'dropout': 0.1,
                                 'layer_norm': True,
                                 'method': 'simplex',
                                 'n_proj_layers': 1,
                                 'theta': 1.0,
                                 'time_delay_stride': 1},
                  'encoder_params': {'activation_fn': 'selu',
                                     'add_pe': True,
                                     'dropout': 0.1,
                                     'in_channels': 21,
                                     'latent_channel_dim': 21,
                                     'mlp_layers': 1,
                                     'use_encoder': False},
                  'lookback_len': 192,
                  'n_edm_blocks': 1,
                  'out_pred_len': 96,
                  'type': 'EDM'},
 'model_id': 'weather_rerun_2021',
 'n_edm_blocks': 1,
 'n_mlp_layers': 1,
 'n_proj_layers': -1,
 'num_workers': 4,
 'opt': {'clip_grad_norm': 1.0,
         'early_stopping_patience': 30,
         'epochs': 100,
         'learning_rate': 0.0005,
         'min_lr': 5e-05,
         'reduce_lr_factor': 0.9,
         'schedule_type': 'custom',
         'type': 'AdamW',
         'weight_decay': 1e-05},
 'output_dir': '.',
 'patience': 10,
 'pred_len': 96,
 'reduce_lr_factor': 0.9,
 'root_path': './dataset/weather',
 'seasonal_patterns': 'Monthly',
 'seed': 2021,
 'seq_len': 192,
 'target': 'OT',
 'task_name': 'long_term_forecast',
 'tdt_loss': True,
 'theta': -1,
 'time_delay_stride': 1,
 'train_epochs': 150,
 'use_amp': False,
 'use_dtw': False,
 'use_gpu': True,
 'use_multi_gpu': True}
Args in experiment:
[1mBasic Config[0m
  Task Name:          long_term_forecast  Is Training:        1                   
  Model ID:           weather_rerun_2021  Model:              DeepEDM             

[1mData Loader[0m
  Data:               custom              Root Path:          ./dataset/weather   
  Data Path:          weather.csv         Features:           M                   
  Target:             OT                  Freq:               h                   
  Checkpoints:        ./checkpoints       

[1mForecasting Task[0m
  Seq Len:            192                 Label Len:          48                  
  Pred Len:           96                  Seasonal Patterns:  Monthly             
  Inverse:            0                   

[1mModel Parameters[0m

[1mRun Parameters[0m
  Num Workers:        4                   Itr:                1                   
  Train Epochs:       150                 Batch Size:         32                  
  Patience:           10                  Learning Rate:      0.0005              
  Des:                test                Loss:               mae_tdt             
  Lradj:              custom              Use Amp:            0                   

[1mGPU[0m
  Use GPU:            1                   GPU:                0                   
  Use Multi GPU:      1                   Devices:            0,1                 

{'clip_grad_norm': 1.0,
 'early_stopping_patience': 30,
 'epochs': 100,
 'learning_rate': 0.0005,
 'min_lr': 5e-05,
 'reduce_lr_factor': 0.9,
 'schedule_type': 'custom',
 'type': 'AdamW',
 'weight_decay': 1e-05}

{'edm_params': {'activation_fn': 'selu',
                'add_pe': True,
                'delay': 5,
                'dist_projection_dim': 64,
                'dropout': 0.1,
                'layer_norm': True,
                'method': 'simplex',
                'n_proj_layers': 1,
                'theta': 1.0,
                'time_delay_stride': 1},
 'encoder_params': {'activation_fn': 'selu',
                    'add_pe': True,
                    'dropout': 0.1,
                    'in_channels': 21,
                    'latent_channel_dim': 21,
                    'mlp_layers': 1,
                    'use_encoder': False},
 'lookback_len': 192,
 'n_edm_blocks': 1,
 'out_pred_len': 96,
 'type': 'EDM'}

model: Model(
  (encoder): InputEncoder(
    (mlp_projection): Sequential(
      (0): Linear(in_features=192, out_features=96, bias=True)
    )
  )
  (edm_blocks): ModuleList(
    (0): EDM(
      (activation_fn): SELU()
      (projection): Sequential(
        (0): Linear(in_features=5, out_features=64, bias=True)
      )
      (pe): LearnablePositionalEmbedding()
      (ln1): LayerNorm((64,), eps=1e-05, elementwise_affine=True)
      (attn_dropout): Dropout(p=0.1, inplace=False)
      (undelay): Sequential(
        (0): Linear(in_features=475, out_features=96, bias=True)
        (1): Dropout(p=0.1, inplace=False)
        (2): SELU()
        (3): Linear(in_features=96, out_features=96, bias=True)
      )
    )
  )
  (gate_edm): Linear(in_features=96, out_features=1, bias=True)
)
>>>>>>>start training : long_term_forecast_weather_rerun_2021_DeepEDM_custom_ftM_sl192_ll48_pl96_emdtimeF_test_0>>>>>>>>>>>>>>>>>>>>>>>>>>
train 36600
val 5175
test 10444
	iters: 100, epoch: 1 | loss: 0.2578747
	speed: 0.1055s/iter; left time: 18075.6671s
	iters: 200, epoch: 1 | loss: 0.2385753
	speed: 0.0780s/iter; left time: 13354.0596s
	iters: 300, epoch: 1 | loss: 0.2261247
	speed: 0.0756s/iter; left time: 12940.2576s
	iters: 400, epoch: 1 | loss: 0.1955944
	speed: 0.0759s/iter; left time: 12978.2105s
	iters: 500, epoch: 1 | loss: 0.2298459
	speed: 0.0701s/iter; left time: 11987.1254s
	iters: 600, epoch: 1 | loss: 0.1830141
	speed: 0.0731s/iter; left time: 12490.1579s
	iters: 700, epoch: 1 | loss: 0.2288747
	speed: 0.0661s/iter; left time: 11289.9584s
	iters: 800, epoch: 1 | loss: 0.2110886
	speed: 0.0642s/iter; left time: 10962.9779s
	iters: 900, epoch: 1 | loss: 0.1773563
	speed: 0.0629s/iter; left time: 10732.2657s
	iters: 1000, epoch: 1 | loss: 0.1960503
	speed: 0.0618s/iter; left time: 10539.0932s
	iters: 1100, epoch: 1 | loss: 0.2120379
	speed: 0.0698s/iter; left time: 11884.0713s
Epoch: 1 cost time: 82.88038468360901
Vali Metrics: mse:0.4315, mae:0.2743
Test Metrics: mse:0.1693223, mae:0.2043138
Epoch: 1, Steps: 1143 | Train Loss: 0.2207430 Vali Loss: 0.3529076 Test Loss: 0.1868180
Validation loss decreased (inf --> 0.352908).  Saving model ...
Reducing learning rate to 0.000450
	iters: 100, epoch: 2 | loss: 0.2062265
	speed: 0.8543s/iter; left time: 145409.6883s
	iters: 200, epoch: 2 | loss: 0.1894011
	speed: 0.0650s/iter; left time: 11054.6815s
	iters: 300, epoch: 2 | loss: 0.1811138
	speed: 0.0600s/iter; left time: 10201.0008s
	iters: 400, epoch: 2 | loss: 0.1714323
	speed: 0.0567s/iter; left time: 9641.5404s
	iters: 500, epoch: 2 | loss: 0.2095542
	speed: 0.0553s/iter; left time: 9387.7127s
	iters: 600, epoch: 2 | loss: 0.1914001
	speed: 0.0571s/iter; left time: 9683.2849s
	iters: 700, epoch: 2 | loss: 0.2167654
	speed: 0.0580s/iter; left time: 9844.6276s
	iters: 800, epoch: 2 | loss: 0.1658365
	speed: 0.0558s/iter; left time: 9454.9846s
	iters: 900, epoch: 2 | loss: 0.1898492
	speed: 0.0624s/iter; left time: 10572.8671s
	iters: 1000, epoch: 2 | loss: 0.1849893
	speed: 0.0653s/iter; left time: 11061.1120s
	iters: 1100, epoch: 2 | loss: 0.1753055
	speed: 0.0687s/iter; left time: 11616.8122s
Epoch: 2 cost time: 69.74555587768555
Vali Metrics: mse:0.4230, mae:0.2735
Test Metrics: mse:0.1650827, mae:0.2011433
Epoch: 2, Steps: 1143 | Train Loss: 0.1928627 Vali Loss: 0.3482178 Test Loss: 0.1831130
Validation loss decreased (0.352908 --> 0.348218).  Saving model ...
Reducing learning rate to 0.000405
	iters: 100, epoch: 3 | loss: 0.1636726
	speed: 0.7672s/iter; left time: 129706.8619s
	iters: 200, epoch: 3 | loss: 0.1920194
	speed: 0.0610s/iter; left time: 10308.3167s
	iters: 300, epoch: 3 | loss: 0.1780690
	speed: 0.0639s/iter; left time: 10787.6554s
	iters: 400, epoch: 3 | loss: 0.1683872
	speed: 0.0658s/iter; left time: 11096.6280s
	iters: 500, epoch: 3 | loss: 0.2030937
	speed: 0.0722s/iter; left time: 12174.2448s
	iters: 600, epoch: 3 | loss: 0.1818478
	speed: 0.0744s/iter; left time: 12544.9789s
	iters: 700, epoch: 3 | loss: 0.1626212
	speed: 0.0716s/iter; left time: 12067.8438s
	iters: 800, epoch: 3 | loss: 0.1805695
	speed: 0.0622s/iter; left time: 10477.8646s
	iters: 900, epoch: 3 | loss: 0.1957381
	speed: 0.0692s/iter; left time: 11645.9962s
	iters: 1000, epoch: 3 | loss: 0.2129532
	speed: 0.0629s/iter; left time: 10575.4575s
	iters: 1100, epoch: 3 | loss: 0.1855703
	speed: 0.0626s/iter; left time: 10514.1645s
Epoch: 3 cost time: 75.5334632396698
Vali Metrics: mse:0.4195, mae:0.2676
Test Metrics: mse:0.1622287, mae:0.1968827
Epoch: 3, Steps: 1143 | Train Loss: 0.1881309 Vali Loss: 0.3435637 Test Loss: 0.1795557
Validation loss decreased (0.348218 --> 0.343564).  Saving model ...
Reducing learning rate to 0.000365
	iters: 100, epoch: 4 | loss: 0.1762290
	speed: 0.7328s/iter; left time: 123053.0662s
	iters: 200, epoch: 4 | loss: 0.1772731
	speed: 0.0664s/iter; left time: 11136.6154s
	iters: 300, epoch: 4 | loss: 0.1600867
	speed: 0.0732s/iter; left time: 12275.1621s
	iters: 400, epoch: 4 | loss: 0.2000759
	speed: 0.0750s/iter; left time: 12566.1214s
	iters: 500, epoch: 4 | loss: 0.1774209
	speed: 0.0673s/iter; left time: 11270.1280s
	iters: 600, epoch: 4 | loss: 0.2040128
	speed: 0.0703s/iter; left time: 11768.9926s
	iters: 700, epoch: 4 | loss: 0.1672612
	speed: 0.0620s/iter; left time: 10380.4905s
	iters: 800, epoch: 4 | loss: 0.1832363
	speed: 0.0677s/iter; left time: 11321.8866s
	iters: 900, epoch: 4 | loss: 0.1870911
	speed: 0.0648s/iter; left time: 10835.8330s
	iters: 1000, epoch: 4 | loss: 0.1874807
	speed: 0.0659s/iter; left time: 11005.4837s
	iters: 1100, epoch: 4 | loss: 0.2162385
	speed: 0.0608s/iter; left time: 10153.9790s
Epoch: 4 cost time: 76.85144424438477
Vali Metrics: mse:0.4170, mae:0.2674
Test Metrics: mse:0.1603732, mae:0.1950814
Epoch: 4, Steps: 1143 | Train Loss: 0.1858712 Vali Loss: 0.3422060 Test Loss: 0.1777273
Validation loss decreased (0.343564 --> 0.342206).  Saving model ...
Reducing learning rate to 0.000328
	iters: 100, epoch: 5 | loss: 0.1917983
	speed: 0.7692s/iter; left time: 128280.7295s
	iters: 200, epoch: 5 | loss: 0.2040792
	speed: 0.0640s/iter; left time: 10660.1616s
	iters: 300, epoch: 5 | loss: 0.1892583
	speed: 0.0593s/iter; left time: 9882.1953s
	iters: 400, epoch: 5 | loss: 0.1998941
	speed: 0.0627s/iter; left time: 10435.9478s
	iters: 500, epoch: 5 | loss: 0.1714164
	speed: 0.0667s/iter; left time: 11100.9555s
	iters: 600, epoch: 5 | loss: 0.1681945
	speed: 0.0680s/iter; left time: 11300.3898s
	iters: 700, epoch: 5 | loss: 0.1729954
	speed: 0.0676s/iter; left time: 11227.1983s
	iters: 800, epoch: 5 | loss: 0.1777438
	speed: 0.0661s/iter; left time: 10972.8603s
	iters: 900, epoch: 5 | loss: 0.1602719
	speed: 0.0612s/iter; left time: 10164.3194s
	iters: 1000, epoch: 5 | loss: 0.1963632
	speed: 0.0583s/iter; left time: 9672.1310s
	iters: 1100, epoch: 5 | loss: 0.1794799
	speed: 0.0651s/iter; left time: 10795.3638s
Epoch: 5 cost time: 73.21851778030396
Vali Metrics: mse:0.4159, mae:0.2654
Test Metrics: mse:0.1616111, mae:0.1963540
Epoch: 5, Steps: 1143 | Train Loss: 0.1847657 Vali Loss: 0.3406295 Test Loss: 0.1789826
Validation loss decreased (0.342206 --> 0.340630).  Saving model ...
Reducing learning rate to 0.000295
	iters: 100, epoch: 6 | loss: 0.1993758
	speed: 0.7697s/iter; left time: 127487.1421s
	iters: 200, epoch: 6 | loss: 0.1764106
	speed: 0.0713s/iter; left time: 11801.4438s
	iters: 300, epoch: 6 | loss: 0.1683969
	speed: 0.0700s/iter; left time: 11585.1269s
	iters: 400, epoch: 6 | loss: 0.2066316
	speed: 0.0704s/iter; left time: 11637.8513s
	iters: 500, epoch: 6 | loss: 0.1765665
	speed: 0.0607s/iter; left time: 10029.8101s
	iters: 600, epoch: 6 | loss: 0.1598594
	speed: 0.0615s/iter; left time: 10163.0876s
	iters: 700, epoch: 6 | loss: 0.1759201
	speed: 0.0598s/iter; left time: 9860.9036s
	iters: 800, epoch: 6 | loss: 0.1963286
	speed: 0.0608s/iter; left time: 10029.3104s
	iters: 900, epoch: 6 | loss: 0.1985762
	speed: 0.0605s/iter; left time: 9965.2438s
	iters: 1000, epoch: 6 | loss: 0.1856721
	speed: 0.0618s/iter; left time: 10180.3487s
	iters: 1100, epoch: 6 | loss: 0.1793012
	speed: 0.0621s/iter; left time: 10231.2300s
Epoch: 6 cost time: 73.40140223503113
Vali Metrics: mse:0.4134, mae:0.2655
Test Metrics: mse:0.1590478, mae:0.1939588
Epoch: 6, Steps: 1143 | Train Loss: 0.1837275 Vali Loss: 0.3394386 Test Loss: 0.1765033
Validation loss decreased (0.340630 --> 0.339439).  Saving model ...
Reducing learning rate to 0.000266
	iters: 100, epoch: 7 | loss: 0.1882521
	speed: 0.8021s/iter; left time: 131944.6886s
	iters: 200, epoch: 7 | loss: 0.2048257
	speed: 0.0648s/iter; left time: 10659.6995s
	iters: 300, epoch: 7 | loss: 0.2109527
	speed: 0.0676s/iter; left time: 11112.1399s
	iters: 400, epoch: 7 | loss: 0.1945465
	speed: 0.0615s/iter; left time: 10096.4341s
	iters: 500, epoch: 7 | loss: 0.1705412
	speed: 0.0439s/iter; left time: 7198.5183s
	iters: 600, epoch: 7 | loss: 0.1920193
	speed: 0.0575s/iter; left time: 9428.3796s
	iters: 700, epoch: 7 | loss: 0.1747006
	speed: 0.0595s/iter; left time: 9750.0698s
	iters: 800, epoch: 7 | loss: 0.1665448
	speed: 0.0633s/iter; left time: 10362.0579s
	iters: 900, epoch: 7 | loss: 0.1724131
	speed: 0.0595s/iter; left time: 9735.6330s
	iters: 1000, epoch: 7 | loss: 0.1810493
	speed: 0.0588s/iter; left time: 9613.2129s
	iters: 1100, epoch: 7 | loss: 0.1619457
	speed: 0.0585s/iter; left time: 9556.1760s
Epoch: 7 cost time: 68.94384717941284
Vali Metrics: mse:0.4186, mae:0.2677
Test Metrics: mse:0.1607149, mae:0.1949533
Epoch: 7, Steps: 1143 | Train Loss: 0.1826291 Vali Loss: 0.3431489 Test Loss: 0.1778341
EarlyStopping counter: 1 out of 10
Reducing learning rate to 0.000239
	iters: 100, epoch: 8 | loss: 0.1991228
	speed: 0.8152s/iter; left time: 133162.6660s
	iters: 200, epoch: 8 | loss: 0.1813853
	speed: 0.0630s/iter; left time: 10277.1582s
	iters: 300, epoch: 8 | loss: 0.1822109
	speed: 0.0629s/iter; left time: 10262.6900s
	iters: 400, epoch: 8 | loss: 0.1947094
	speed: 0.0602s/iter; left time: 9820.3658s
	iters: 500, epoch: 8 | loss: 0.1764697
	speed: 0.0622s/iter; left time: 10140.3393s
	iters: 600, epoch: 8 | loss: 0.1949382
	speed: 0.0643s/iter; left time: 10473.9990s
	iters: 700, epoch: 8 | loss: 0.2075436
	speed: 0.0594s/iter; left time: 9673.9535s
	iters: 800, epoch: 8 | loss: 0.1942566
	speed: 0.0510s/iter; left time: 8289.3978s
	iters: 900, epoch: 8 | loss: 0.1780304
	speed: 0.0579s/iter; left time: 9407.0401s
	iters: 1000, epoch: 8 | loss: 0.1653523
	speed: 0.0574s/iter; left time: 9330.1047s
	iters: 1100, epoch: 8 | loss: 0.1957276
	speed: 0.0607s/iter; left time: 9848.7873s
Epoch: 8 cost time: 70.01139903068542
Vali Metrics: mse:0.4146, mae:0.2643
Test Metrics: mse:0.1596918, mae:0.1942199
Epoch: 8, Steps: 1143 | Train Loss: 0.1820444 Vali Loss: 0.3394076 Test Loss: 0.1769558
Validation loss decreased (0.339439 --> 0.339408).  Saving model ...
Reducing learning rate to 0.000215
	iters: 100, epoch: 9 | loss: 0.1604443
	speed: 0.8074s/iter; left time: 130963.2108s
	iters: 200, epoch: 9 | loss: 0.1929146
	speed: 0.0549s/iter; left time: 8897.7747s
	iters: 300, epoch: 9 | loss: 0.1741391
	speed: 0.0505s/iter; left time: 8188.3419s
	iters: 400, epoch: 9 | loss: 0.1736547
	speed: 0.0512s/iter; left time: 8285.3855s
	iters: 500, epoch: 9 | loss: 0.1872516
	speed: 0.0528s/iter; left time: 8544.6174s
	iters: 600, epoch: 9 | loss: 0.1834054
	speed: 0.0576s/iter; left time: 9321.5763s
	iters: 700, epoch: 9 | loss: 0.1819581
	speed: 0.0587s/iter; left time: 9489.8990s
	iters: 800, epoch: 9 | loss: 0.1880317
	speed: 0.0566s/iter; left time: 9140.7168s
	iters: 900, epoch: 9 | loss: 0.1714200
	speed: 0.0597s/iter; left time: 9634.5460s
	iters: 1000, epoch: 9 | loss: 0.1826140
	speed: 0.0666s/iter; left time: 10745.7381s
	iters: 1100, epoch: 9 | loss: 0.1894360
	speed: 0.0694s/iter; left time: 11186.4084s
Epoch: 9 cost time: 66.83845400810242
Vali Metrics: mse:0.4149, mae:0.2658
Test Metrics: mse:0.1594433, mae:0.1940516
Epoch: 9, Steps: 1143 | Train Loss: 0.1812477 Vali Loss: 0.3403526 Test Loss: 0.1767474
EarlyStopping counter: 1 out of 10
Reducing learning rate to 0.000194
	iters: 100, epoch: 10 | loss: 0.1731074
	speed: 0.7914s/iter; left time: 127458.0244s
	iters: 200, epoch: 10 | loss: 0.1923847
	speed: 0.0570s/iter; left time: 9170.8452s
	iters: 300, epoch: 10 | loss: 0.1705004
	speed: 0.0631s/iter; left time: 10146.7996s
	iters: 400, epoch: 10 | loss: 0.1646169
	speed: 0.0641s/iter; left time: 10303.3140s
	iters: 500, epoch: 10 | loss: 0.1751559
	speed: 0.0617s/iter; left time: 9912.4878s
	iters: 600, epoch: 10 | loss: 0.1935128
	speed: 0.0583s/iter; left time: 9353.2550s
	iters: 700, epoch: 10 | loss: 0.1873889
	speed: 0.0630s/iter; left time: 10113.5508s
	iters: 800, epoch: 10 | loss: 0.1715582
	speed: 0.0690s/iter; left time: 11064.2475s
	iters: 900, epoch: 10 | loss: 0.1779286
	speed: 0.0654s/iter; left time: 10485.4316s
	iters: 1000, epoch: 10 | loss: 0.1986485
	speed: 0.0569s/iter; left time: 9121.1003s
	iters: 1100, epoch: 10 | loss: 0.1982554
	speed: 0.0620s/iter; left time: 9916.8855s
Epoch: 10 cost time: 71.52289891242981
Vali Metrics: mse:0.4134, mae:0.2647
Test Metrics: mse:0.1591508, mae:0.1937892
Epoch: 10, Steps: 1143 | Train Loss: 0.1807710 Vali Loss: 0.3390657 Test Loss: 0.1764700
Validation loss decreased (0.339408 --> 0.339066).  Saving model ...
Reducing learning rate to 0.000174
	iters: 100, epoch: 11 | loss: 0.1684468
	speed: 0.7720s/iter; left time: 123459.6919s
	iters: 200, epoch: 11 | loss: 0.1681752
	speed: 0.0651s/iter; left time: 10407.2727s
	iters: 300, epoch: 11 | loss: 0.1741942
	speed: 0.0675s/iter; left time: 10774.9722s
	iters: 400, epoch: 11 | loss: 0.1886944
	speed: 0.0642s/iter; left time: 10254.7678s
	iters: 500, epoch: 11 | loss: 0.1977452
	speed: 0.0706s/iter; left time: 11257.5558s
	iters: 600, epoch: 11 | loss: 0.1883051
	speed: 0.0650s/iter; left time: 10355.6811s
	iters: 700, epoch: 11 | loss: 0.1699265
	speed: 0.0642s/iter; left time: 10235.2483s
	iters: 800, epoch: 11 | loss: 0.1855804
	speed: 0.0631s/iter; left time: 10052.2682s
	iters: 900, epoch: 11 | loss: 0.1884089
	speed: 0.0602s/iter; left time: 9572.9565s
	iters: 1000, epoch: 11 | loss: 0.1611842
	speed: 0.0575s/iter; left time: 9138.8007s
	iters: 1100, epoch: 11 | loss: 0.1592203
	speed: 0.0595s/iter; left time: 9459.7200s
Epoch: 11 cost time: 72.78569412231445
Vali Metrics: mse:0.4121, mae:0.2647
Test Metrics: mse:0.1584745, mae:0.1931661
Epoch: 11, Steps: 1143 | Train Loss: 0.1801558 Vali Loss: 0.3383792 Test Loss: 0.1758203
Validation loss decreased (0.339066 --> 0.338379).  Saving model ...
Reducing learning rate to 0.000157
	iters: 100, epoch: 12 | loss: 0.1796734
	speed: 0.7988s/iter; left time: 126832.0123s
	iters: 200, epoch: 12 | loss: 0.1744080
	speed: 0.0649s/iter; left time: 10296.4794s
	iters: 300, epoch: 12 | loss: 0.1893693
	speed: 0.0680s/iter; left time: 10780.1553s
	iters: 400, epoch: 12 | loss: 0.1667945
	speed: 0.0608s/iter; left time: 9634.0170s
	iters: 500, epoch: 12 | loss: 0.1819868
	speed: 0.0555s/iter; left time: 8786.9022s
	iters: 600, epoch: 12 | loss: 0.1503070
	speed: 0.0677s/iter; left time: 10720.3422s
	iters: 700, epoch: 12 | loss: 0.1631721
	speed: 0.0692s/iter; left time: 10950.3753s
	iters: 800, epoch: 12 | loss: 0.1890970
	speed: 0.0665s/iter; left time: 10513.5741s
	iters: 900, epoch: 12 | loss: 0.1972708
	speed: 0.0684s/iter; left time: 10810.8382s
	iters: 1000, epoch: 12 | loss: 0.1891726
	speed: 0.0680s/iter; left time: 10730.5016s
	iters: 1100, epoch: 12 | loss: 0.1771001
	speed: 0.0576s/iter; left time: 9092.5393s
Epoch: 12 cost time: 73.73898792266846
Vali Metrics: mse:0.4148, mae:0.2654
Test Metrics: mse:0.1596933, mae:0.1940630
Epoch: 12, Steps: 1143 | Train Loss: 0.1796475 Vali Loss: 0.3401044 Test Loss: 0.1768782
EarlyStopping counter: 1 out of 10
Reducing learning rate to 0.000141
	iters: 100, epoch: 13 | loss: 0.1825350
	speed: 0.7399s/iter; left time: 116639.1471s
	iters: 200, epoch: 13 | loss: 0.1884614
	speed: 0.0620s/iter; left time: 9762.4575s
	iters: 300, epoch: 13 | loss: 0.2042939
	speed: 0.0672s/iter; left time: 10584.5391s
	iters: 400, epoch: 13 | loss: 0.1837246
	speed: 0.0711s/iter; left time: 11183.6502s
	iters: 500, epoch: 13 | loss: 0.1874610
	speed: 0.0720s/iter; left time: 11319.7580s
	iters: 600, epoch: 13 | loss: 0.1927572
	speed: 0.0708s/iter; left time: 11131.7249s
	iters: 700, epoch: 13 | loss: 0.1867658
	speed: 0.0664s/iter; left time: 10426.2904s
	iters: 800, epoch: 13 | loss: 0.1745191
	speed: 0.0617s/iter; left time: 9675.9564s
	iters: 900, epoch: 13 | loss: 0.1768722
	speed: 0.0580s/iter; left time: 9090.0841s
	iters: 1000, epoch: 13 | loss: 0.1946560
	speed: 0.0638s/iter; left time: 9994.9720s
	iters: 1100, epoch: 13 | loss: 0.1653279
	speed: 0.0686s/iter; left time: 10751.2469s
Epoch: 13 cost time: 75.79074835777283
Vali Metrics: mse:0.4127, mae:0.2641
Test Metrics: mse:0.1584493, mae:0.1931393
Epoch: 13, Steps: 1143 | Train Loss: 0.1793078 Vali Loss: 0.3383847 Test Loss: 0.1757943
EarlyStopping counter: 2 out of 10
Reducing learning rate to 0.000127
	iters: 100, epoch: 14 | loss: 0.1810674
	speed: 0.7957s/iter; left time: 124527.9401s
	iters: 200, epoch: 14 | loss: 0.1816367
	speed: 0.0554s/iter; left time: 8669.4435s
	iters: 300, epoch: 14 | loss: 0.1649184
	speed: 0.0550s/iter; left time: 8595.2972s
	iters: 400, epoch: 14 | loss: 0.1994570
	speed: 0.0577s/iter; left time: 9017.6687s
	iters: 500, epoch: 14 | loss: 0.1663225
	speed: 0.0579s/iter; left time: 9040.1941s
	iters: 600, epoch: 14 | loss: 0.1790473
	speed: 0.0496s/iter; left time: 7730.5765s
	iters: 700, epoch: 14 | loss: 0.1678176
	speed: 0.0581s/iter; left time: 9056.2800s
	iters: 800, epoch: 14 | loss: 0.1802451
	speed: 0.0523s/iter; left time: 8151.5327s
	iters: 900, epoch: 14 | loss: 0.1728433
	speed: 0.0604s/iter; left time: 9397.0227s
	iters: 1000, epoch: 14 | loss: 0.1697836
	speed: 0.0660s/iter; left time: 10264.2831s
	iters: 1100, epoch: 14 | loss: 0.1730262
	speed: 0.0652s/iter; left time: 10135.8133s
Epoch: 14 cost time: 66.42331337928772
Vali Metrics: mse:0.4137, mae:0.2635
Test Metrics: mse:0.15869, mae:0.1928796
Epoch: 14, Steps: 1143 | Train Loss: 0.1788199 Vali Loss: 0.3385935 Test Loss: 0.1757848
EarlyStopping counter: 3 out of 10
Reducing learning rate to 0.000114
	iters: 100, epoch: 15 | loss: 0.2067362
	speed: 0.8392s/iter; left time: 130366.1253s
	iters: 200, epoch: 15 | loss: 0.1664107
	speed: 0.0656s/iter; left time: 10179.3629s
	iters: 300, epoch: 15 | loss: 0.1750674
	speed: 0.0632s/iter; left time: 9798.1629s
	iters: 400, epoch: 15 | loss: 0.1872280
	speed: 0.0634s/iter; left time: 9833.8212s
	iters: 500, epoch: 15 | loss: 0.1916627
	speed: 0.0676s/iter; left time: 10467.6448s
	iters: 600, epoch: 15 | loss: 0.1957399
	speed: 0.0660s/iter; left time: 10218.5169s
	iters: 700, epoch: 15 | loss: 0.1724980
	speed: 0.0648s/iter; left time: 10030.7820s
	iters: 800, epoch: 15 | loss: 0.1835480
	speed: 0.0620s/iter; left time: 9585.1390s
	iters: 900, epoch: 15 | loss: 0.1781110
	speed: 0.0533s/iter; left time: 8230.4937s
	iters: 1000, epoch: 15 | loss: 0.1672630
	speed: 0.0610s/iter; left time: 9426.4547s
	iters: 1100, epoch: 15 | loss: 0.1746514
	speed: 0.0595s/iter; left time: 9180.0315s
Epoch: 15 cost time: 72.91956353187561
Vali Metrics: mse:0.4123, mae:0.2640
Test Metrics: mse:0.1578615, mae:0.1921338
Epoch: 15, Steps: 1143 | Train Loss: 0.1784482 Vali Loss: 0.3381842 Test Loss: 0.1749977
Validation loss decreased (0.338379 --> 0.338184).  Saving model ...
Reducing learning rate to 0.000103
	iters: 100, epoch: 16 | loss: 0.1486799
	speed: 0.7814s/iter; left time: 120498.8131s
	iters: 200, epoch: 16 | loss: 0.1835923
	speed: 0.0609s/iter; left time: 9378.5145s
	iters: 300, epoch: 16 | loss: 0.1923317
	speed: 0.0582s/iter; left time: 8966.5528s
	iters: 400, epoch: 16 | loss: 0.1960444
	speed: 0.0579s/iter; left time: 8912.7943s
	iters: 500, epoch: 16 | loss: 0.1824834
	speed: 0.0586s/iter; left time: 9020.3090s
	iters: 600, epoch: 16 | loss: 0.1709519
	speed: 0.0599s/iter; left time: 9204.8720s
	iters: 700, epoch: 16 | loss: 0.1777830
	speed: 0.0575s/iter; left time: 8827.7555s
	iters: 800, epoch: 16 | loss: 0.1878673
	speed: 0.0626s/iter; left time: 9616.6980s
	iters: 900, epoch: 16 | loss: 0.1727595
	speed: 0.0616s/iter; left time: 9442.4410s
	iters: 1000, epoch: 16 | loss: 0.1636949
	speed: 0.0585s/iter; left time: 8963.7962s
	iters: 1100, epoch: 16 | loss: 0.1679758
	speed: 0.0633s/iter; left time: 9703.3176s
Epoch: 16 cost time: 69.9551591873169
Vali Metrics: mse:0.4119, mae:0.2649
Test Metrics: mse:0.1583381, mae:0.1932926
Epoch: 16, Steps: 1143 | Train Loss: 0.1780654 Vali Loss: 0.3384104 Test Loss: 0.1758153
EarlyStopping counter: 1 out of 10
Reducing learning rate to 0.000093
	iters: 100, epoch: 17 | loss: 0.1510272
	speed: 0.8151s/iter; left time: 124762.3016s
	iters: 200, epoch: 17 | loss: 0.1883538
	speed: 0.0477s/iter; left time: 7297.0371s
	iters: 300, epoch: 17 | loss: 0.1799264
	speed: 0.0512s/iter; left time: 7828.7539s
	iters: 400, epoch: 17 | loss: 0.1852750
	speed: 0.0507s/iter; left time: 7750.3221s
	iters: 500, epoch: 17 | loss: 0.1876455
	speed: 0.0534s/iter; left time: 8156.8135s
	iters: 600, epoch: 17 | loss: 0.1783153
	speed: 0.0598s/iter; left time: 9129.8486s
	iters: 700, epoch: 17 | loss: 0.1724514
	speed: 0.0588s/iter; left time: 8961.3499s
	iters: 800, epoch: 17 | loss: 0.2134750
	speed: 0.0664s/iter; left time: 10116.2880s
	iters: 900, epoch: 17 | loss: 0.1657519
	speed: 0.0681s/iter; left time: 10372.9913s
	iters: 1000, epoch: 17 | loss: 0.1944798
	speed: 0.0692s/iter; left time: 10532.9586s
	iters: 1100, epoch: 17 | loss: 0.1669047
	speed: 0.0647s/iter; left time: 9838.9591s
Epoch: 17 cost time: 67.83035492897034
Vali Metrics: mse:0.4130, mae:0.2652
Test Metrics: mse:0.1586889, mae:0.1931943
Epoch: 17, Steps: 1143 | Train Loss: 0.1777866 Vali Loss: 0.3391001 Test Loss: 0.1759416
EarlyStopping counter: 2 out of 10
Reducing learning rate to 0.000083
	iters: 100, epoch: 18 | loss: 0.1923140
	speed: 0.7889s/iter; left time: 119849.2314s
	iters: 200, epoch: 18 | loss: 0.1800971
	speed: 0.0616s/iter; left time: 9346.4654s
	iters: 300, epoch: 18 | loss: 0.1757544
	speed: 0.0628s/iter; left time: 9525.6654s
	iters: 400, epoch: 18 | loss: 0.1722357
	speed: 0.0596s/iter; left time: 9031.4334s
	iters: 500, epoch: 18 | loss: 0.1790681
	speed: 0.0640s/iter; left time: 9699.6200s
	iters: 600, epoch: 18 | loss: 0.2045008
	speed: 0.0648s/iter; left time: 9809.2897s
	iters: 700, epoch: 18 | loss: 0.1708485
	speed: 0.0658s/iter; left time: 9963.6998s
	iters: 800, epoch: 18 | loss: 0.2135186
	speed: 0.0667s/iter; left time: 10086.4779s
	iters: 900, epoch: 18 | loss: 0.1663587
	speed: 0.0712s/iter; left time: 10753.8094s
	iters: 1000, epoch: 18 | loss: 0.1723176
	speed: 0.0747s/iter; left time: 11280.4556s
	iters: 1100, epoch: 18 | loss: 0.1722498
	speed: 0.0744s/iter; left time: 11228.3106s
Epoch: 18 cost time: 76.57076168060303
Vali Metrics: mse:0.4117, mae:0.2646
Test Metrics: mse:0.1585151, mae:0.1935849
Epoch: 18, Steps: 1143 | Train Loss: 0.1776386 Vali Loss: 0.3381546 Test Loss: 0.1760500
Validation loss decreased (0.338184 --> 0.338155).  Saving model ...
Reducing learning rate to 0.000075
	iters: 100, epoch: 19 | loss: 0.1726218
	speed: 0.7579s/iter; left time: 114276.9316s
	iters: 200, epoch: 19 | loss: 0.1710248
	speed: 0.0626s/iter; left time: 9435.3903s
	iters: 300, epoch: 19 | loss: 0.1704280
	speed: 0.0692s/iter; left time: 10421.8711s
	iters: 400, epoch: 19 | loss: 0.1829397
	speed: 0.0651s/iter; left time: 9793.9668s
	iters: 500, epoch: 19 | loss: 0.1786712
	speed: 0.0646s/iter; left time: 9718.8480s
	iters: 600, epoch: 19 | loss: 0.1669009
	speed: 0.0739s/iter; left time: 11110.0709s
	iters: 700, epoch: 19 | loss: 0.1466790
	speed: 0.0701s/iter; left time: 10526.8212s
	iters: 800, epoch: 19 | loss: 0.1648288
	speed: 0.0631s/iter; left time: 9473.6525s
	iters: 900, epoch: 19 | loss: 0.1618140
	speed: 0.0667s/iter; left time: 9998.7418s
	iters: 1000, epoch: 19 | loss: 0.1625200
	speed: 0.0683s/iter; left time: 10234.8227s
	iters: 1100, epoch: 19 | loss: 0.1884424
	speed: 0.0664s/iter; left time: 9946.7367s
Epoch: 19 cost time: 75.85904860496521
Vali Metrics: mse:0.4108, mae:0.2626
Test Metrics: mse:0.1577251, mae:0.1921514
Epoch: 19, Steps: 1143 | Train Loss: 0.1772641 Vali Loss: 0.3367120 Test Loss: 0.1749383
Validation loss decreased (0.338155 --> 0.336712).  Saving model ...
Reducing learning rate to 0.000068
	iters: 100, epoch: 20 | loss: 0.1663177
	speed: 0.7295s/iter; left time: 109152.0774s
	iters: 200, epoch: 20 | loss: 0.1655216
	speed: 0.0716s/iter; left time: 10701.7987s
	iters: 300, epoch: 20 | loss: 0.1753907
	speed: 0.0683s/iter; left time: 10202.0885s
	iters: 400, epoch: 20 | loss: 0.1634789
	speed: 0.0709s/iter; left time: 10580.5849s
	iters: 500, epoch: 20 | loss: 0.1888042
	speed: 0.0771s/iter; left time: 11504.9353s
	iters: 600, epoch: 20 | loss: 0.1713183
	speed: 0.0775s/iter; left time: 11553.7057s
	iters: 700, epoch: 20 | loss: 0.1734987
	speed: 0.0725s/iter; left time: 10802.6639s
	iters: 800, epoch: 20 | loss: 0.1641671
	speed: 0.0685s/iter; left time: 10197.9138s
	iters: 900, epoch: 20 | loss: 0.1729808
	speed: 0.0603s/iter; left time: 8972.4894s
	iters: 1000, epoch: 20 | loss: 0.1772801
	speed: 0.0611s/iter; left time: 9081.2192s
	iters: 1100, epoch: 20 | loss: 0.1719341
	speed: 0.0599s/iter; left time: 8901.9739s
Epoch: 20 cost time: 78.77113914489746
Vali Metrics: mse:0.4114, mae:0.2639
Test Metrics: mse:0.1580077, mae:0.1926072
Epoch: 20, Steps: 1143 | Train Loss: 0.1771170 Vali Loss: 0.3376488 Test Loss: 0.1753075
EarlyStopping counter: 1 out of 10
Reducing learning rate to 0.000061
	iters: 100, epoch: 21 | loss: 0.1900530
	speed: 0.7433s/iter; left time: 110376.0437s
	iters: 200, epoch: 21 | loss: 0.1769750
	speed: 0.0561s/iter; left time: 8327.6102s
	iters: 300, epoch: 21 | loss: 0.1693986
	speed: 0.0562s/iter; left time: 8332.7859s
	iters: 400, epoch: 21 | loss: 0.1966050
	speed: 0.0590s/iter; left time: 8745.6364s
	iters: 500, epoch: 21 | loss: 0.1904416
	speed: 0.0605s/iter; left time: 8953.8809s
	iters: 600, epoch: 21 | loss: 0.1699505
	speed: 0.0628s/iter; left time: 9294.0507s
	iters: 700, epoch: 21 | loss: 0.1543863
	speed: 0.0541s/iter; left time: 7999.2513s
	iters: 800, epoch: 21 | loss: 0.1593301
	speed: 0.0593s/iter; left time: 8771.1234s
	iters: 900, epoch: 21 | loss: 0.1581410
	speed: 0.0690s/iter; left time: 10193.2584s
	iters: 1000, epoch: 21 | loss: 0.1535064
	speed: 0.0681s/iter; left time: 10052.4175s
	iters: 1100, epoch: 21 | loss: 0.1682996
	speed: 0.0704s/iter; left time: 10384.2884s
Epoch: 21 cost time: 70.15767526626587
Vali Metrics: mse:0.4109, mae:0.2631
Test Metrics: mse:0.1575359, mae:0.1918970
Epoch: 21, Steps: 1143 | Train Loss: 0.1768799 Vali Loss: 0.3369705 Test Loss: 0.1747164
EarlyStopping counter: 2 out of 10
Reducing learning rate to 0.000055
	iters: 100, epoch: 22 | loss: 0.1743763
	speed: 0.8144s/iter; left time: 119993.5628s
	iters: 200, epoch: 22 | loss: 0.1868471
	speed: 0.0651s/iter; left time: 9580.9629s
	iters: 300, epoch: 22 | loss: 0.1977395
	speed: 0.0662s/iter; left time: 9741.6398s
	iters: 400, epoch: 22 | loss: 0.1702166
	speed: 0.0669s/iter; left time: 9843.5677s
	iters: 500, epoch: 22 | loss: 0.1753480
	speed: 0.0589s/iter; left time: 8657.6229s
	iters: 600, epoch: 22 | loss: 0.1810921
	speed: 0.0664s/iter; left time: 9745.2022s
	iters: 700, epoch: 22 | loss: 0.1765335
	speed: 0.0695s/iter; left time: 10198.0855s
	iters: 800, epoch: 22 | loss: 0.1610930
	speed: 0.0661s/iter; left time: 9698.0489s
	iters: 900, epoch: 22 | loss: 0.1552978
	speed: 0.0681s/iter; left time: 9983.0773s
	iters: 1000, epoch: 22 | loss: 0.1808410
	speed: 0.0648s/iter; left time: 9484.1740s
	iters: 1100, epoch: 22 | loss: 0.1866166
	speed: 0.0640s/iter; left time: 9369.2031s
Epoch: 22 cost time: 74.80392956733704
Vali Metrics: mse:0.4097, mae:0.2636
Test Metrics: mse:0.1575273, mae:0.1921984
Epoch: 22, Steps: 1143 | Train Loss: 0.1767841 Vali Loss: 0.3366267 Test Loss: 0.1748629
Validation loss decreased (0.336712 --> 0.336627).  Saving model ...
Reducing learning rate to 0.000050
	iters: 100, epoch: 23 | loss: 0.1901108
	speed: 0.7409s/iter; left time: 108316.0733s
	iters: 200, epoch: 23 | loss: 0.1956307
	speed: 0.0682s/iter; left time: 9958.5934s
	iters: 300, epoch: 23 | loss: 0.1630103
	speed: 0.0686s/iter; left time: 10013.6833s
	iters: 400, epoch: 23 | loss: 0.1915840
	speed: 0.0601s/iter; left time: 8769.2432s
	iters: 500, epoch: 23 | loss: 0.1769533
	speed: 0.0659s/iter; left time: 9614.3558s
	iters: 600, epoch: 23 | loss: 0.1683633
	speed: 0.0693s/iter; left time: 10092.1013s
	iters: 700, epoch: 23 | loss: 0.1797555
	speed: 0.0609s/iter; left time: 8874.0569s
	iters: 800, epoch: 23 | loss: 0.1713485
	speed: 0.0638s/iter; left time: 9277.3720s
	iters: 900, epoch: 23 | loss: 0.1863544
	speed: 0.0659s/iter; left time: 9583.5899s
	iters: 1000, epoch: 23 | loss: 0.1849925
	speed: 0.0679s/iter; left time: 9865.3943s
	iters: 1100, epoch: 23 | loss: 0.1729509
	speed: 0.0636s/iter; left time: 9241.7534s
Epoch: 23 cost time: 75.38883829116821
Vali Metrics: mse:0.4123, mae:0.2631
Test Metrics: mse:0.1579419, mae:0.1923326
Epoch: 23, Steps: 1143 | Train Loss: 0.1765683 Vali Loss: 0.3377159 Test Loss: 0.1751372
EarlyStopping counter: 1 out of 10
	iters: 100, epoch: 24 | loss: 0.1845498
	speed: 0.7987s/iter; left time: 115860.8532s
	iters: 200, epoch: 24 | loss: 0.1746114
	speed: 0.0592s/iter; left time: 8576.3181s
	iters: 300, epoch: 24 | loss: 0.1644316
	speed: 0.0559s/iter; left time: 8100.4451s
	iters: 400, epoch: 24 | loss: 0.1833683
	speed: 0.0623s/iter; left time: 9020.4297s
	iters: 500, epoch: 24 | loss: 0.2024507
	speed: 0.0604s/iter; left time: 8741.5828s
	iters: 600, epoch: 24 | loss: 0.1714047
	speed: 0.0608s/iter; left time: 8785.7640s
	iters: 700, epoch: 24 | loss: 0.1702337
	speed: 0.0651s/iter; left time: 9398.3875s
	iters: 800, epoch: 24 | loss: 0.1665297
	speed: 0.0670s/iter; left time: 9676.1189s
	iters: 900, epoch: 24 | loss: 0.2140789
	speed: 0.0668s/iter; left time: 9635.6719s
	iters: 1000, epoch: 24 | loss: 0.1840098
	speed: 0.0650s/iter; left time: 9374.2177s
	iters: 1100, epoch: 24 | loss: 0.1601518
	speed: 0.0617s/iter; left time: 8884.7508s
Epoch: 24 cost time: 72.14066958427429
Vali Metrics: mse:0.4132, mae:0.2636
Test Metrics: mse:0.1581909, mae:0.1924591
Epoch: 24, Steps: 1143 | Train Loss: 0.1764707 Vali Loss: 0.3384182 Test Loss: 0.1753250
EarlyStopping counter: 2 out of 10
	iters: 100, epoch: 25 | loss: 0.1905031
	speed: 0.7743s/iter; left time: 111438.8525s
	iters: 200, epoch: 25 | loss: 0.1863108
	speed: 0.0652s/iter; left time: 9371.7395s
	iters: 300, epoch: 25 | loss: 0.1679371
	speed: 0.0638s/iter; left time: 9168.0443s
	iters: 400, epoch: 25 | loss: 0.1748523
	speed: 0.0688s/iter; left time: 9874.5421s
	iters: 500, epoch: 25 | loss: 0.1618842
	speed: 0.0679s/iter; left time: 9742.8843s
	iters: 600, epoch: 25 | loss: 0.1712774
	speed: 0.0682s/iter; left time: 9788.0302s
	iters: 700, epoch: 25 | loss: 0.1795741
	speed: 0.0708s/iter; left time: 10142.2098s
	iters: 800, epoch: 25 | loss: 0.1994388
	speed: 0.0685s/iter; left time: 9805.0738s
	iters: 900, epoch: 25 | loss: 0.1708984
	speed: 0.0701s/iter; left time: 10036.5008s
	iters: 1000, epoch: 25 | loss: 0.1908194
	speed: 0.0578s/iter; left time: 8268.6712s
	iters: 1100, epoch: 25 | loss: 0.1676767
	speed: 0.0668s/iter; left time: 9553.7729s
Epoch: 25 cost time: 76.30019664764404
Vali Metrics: mse:0.4130, mae:0.2641
Test Metrics: mse:0.1583466, mae:0.1928866
Epoch: 25, Steps: 1143 | Train Loss: 0.1764844 Vali Loss: 0.3385435 Test Loss: 0.1756166
EarlyStopping counter: 3 out of 10
	iters: 100, epoch: 26 | loss: 0.1969715
	speed: 0.7752s/iter; left time: 110682.5657s
	iters: 200, epoch: 26 | loss: 0.1869779
	speed: 0.0653s/iter; left time: 9316.3580s
	iters: 300, epoch: 26 | loss: 0.1668323
	speed: 0.0691s/iter; left time: 9845.8388s
	iters: 400, epoch: 26 | loss: 0.1655454
	speed: 0.0643s/iter; left time: 9157.1378s
	iters: 500, epoch: 26 | loss: 0.1948243
	speed: 0.0633s/iter; left time: 9011.6267s
	iters: 600, epoch: 26 | loss: 0.1682693
	speed: 0.0664s/iter; left time: 9440.2005s
	iters: 700, epoch: 26 | loss: 0.1858728
	speed: 0.0659s/iter; left time: 9364.8970s
	iters: 800, epoch: 26 | loss: 0.1861982
	speed: 0.0712s/iter; left time: 10115.7890s
	iters: 900, epoch: 26 | loss: 0.1816397
	speed: 0.0581s/iter; left time: 8242.3737s
	iters: 1000, epoch: 26 | loss: 0.1680581
	speed: 0.0610s/iter; left time: 8656.0500s
	iters: 1100, epoch: 26 | loss: 0.1605432
	speed: 0.0613s/iter; left time: 8691.8174s
Epoch: 26 cost time: 74.1989676952362
Vali Metrics: mse:0.4094, mae:0.2633
Test Metrics: mse:0.1576286, mae:0.1923364
Epoch: 26, Steps: 1143 | Train Loss: 0.1763946 Vali Loss: 0.3363791 Test Loss: 0.1749825
Validation loss decreased (0.336627 --> 0.336379).  Saving model ...
	iters: 100, epoch: 27 | loss: 0.1744318
	speed: 0.5981s/iter; left time: 84713.4800s
	iters: 200, epoch: 27 | loss: 0.1557707
	speed: 0.0573s/iter; left time: 8109.6260s
	iters: 300, epoch: 27 | loss: 0.1719337
	speed: 0.0578s/iter; left time: 8171.5275s
	iters: 400, epoch: 27 | loss: 0.2050659
	speed: 0.0617s/iter; left time: 8714.5977s
	iters: 500, epoch: 27 | loss: 0.1870341
	speed: 0.0639s/iter; left time: 9027.5625s
	iters: 600, epoch: 27 | loss: 0.1768074
	speed: 0.0660s/iter; left time: 9319.0018s
	iters: 700, epoch: 27 | loss: 0.1899030
	speed: 0.0610s/iter; left time: 8606.9587s
	iters: 800, epoch: 27 | loss: 0.1867844
	speed: 0.0591s/iter; left time: 8329.0924s
	iters: 900, epoch: 27 | loss: 0.1751536
	speed: 0.0564s/iter; left time: 7939.7885s
	iters: 1000, epoch: 27 | loss: 0.1673572
	speed: 0.0445s/iter; left time: 6267.1654s
	iters: 1100, epoch: 27 | loss: 0.1682581
	speed: 0.0387s/iter; left time: 5443.8904s
Epoch: 27 cost time: 64.27106046676636
Vali Metrics: mse:0.4137, mae:0.2637
Test Metrics: mse:0.1582341, mae:0.1925633
Epoch: 27, Steps: 1143 | Train Loss: 0.1763721 Vali Loss: 0.3387007 Test Loss: 0.1753987
EarlyStopping counter: 1 out of 10
	iters: 100, epoch: 28 | loss: 0.1616683
	speed: 0.5527s/iter; left time: 77642.1259s
	iters: 200, epoch: 28 | loss: 0.1762928
	speed: 0.0594s/iter; left time: 8333.5904s
	iters: 300, epoch: 28 | loss: 0.2082554
	speed: 0.0582s/iter; left time: 8169.3268s
	iters: 400, epoch: 28 | loss: 0.1701911
	speed: 0.0524s/iter; left time: 7349.0828s
	iters: 500, epoch: 28 | loss: 0.1867504
	speed: 0.0503s/iter; left time: 7043.8406s
	iters: 600, epoch: 28 | loss: 0.1685464
	speed: 0.0499s/iter; left time: 6990.9787s
	iters: 700, epoch: 28 | loss: 0.1832270
	speed: 0.0510s/iter; left time: 7140.8225s
	iters: 800, epoch: 28 | loss: 0.1870502
	speed: 0.0555s/iter; left time: 7758.2373s
	iters: 900, epoch: 28 | loss: 0.1704604
	speed: 0.0549s/iter; left time: 7675.4514s
	iters: 1000, epoch: 28 | loss: 0.1688342
	speed: 0.0458s/iter; left time: 6389.7417s
	iters: 1100, epoch: 28 | loss: 0.1697426
	speed: 0.0436s/iter; left time: 6079.3707s
Epoch: 28 cost time: 60.54955863952637
Vali Metrics: mse:0.4110, mae:0.2636
Test Metrics: mse:0.1580384, mae:0.1927286
Epoch: 28, Steps: 1143 | Train Loss: 0.1762583 Vali Loss: 0.3373289 Test Loss: 0.1753835
EarlyStopping counter: 2 out of 10
	iters: 100, epoch: 29 | loss: 0.1985908
	speed: 0.6357s/iter; left time: 88588.8849s
	iters: 200, epoch: 29 | loss: 0.1764174
	speed: 0.0498s/iter; left time: 6928.9541s
	iters: 300, epoch: 29 | loss: 0.1685244
	speed: 0.0519s/iter; left time: 7217.4242s
	iters: 400, epoch: 29 | loss: 0.1676902
	speed: 0.0498s/iter; left time: 6924.1494s
	iters: 500, epoch: 29 | loss: 0.1720546
	speed: 0.0551s/iter; left time: 7654.6725s
	iters: 600, epoch: 29 | loss: 0.1898544
	speed: 0.0507s/iter; left time: 7042.9853s
	iters: 700, epoch: 29 | loss: 0.1620766
	speed: 0.0546s/iter; left time: 7577.8201s
	iters: 800, epoch: 29 | loss: 0.1619359
	speed: 0.0549s/iter; left time: 7606.8174s
	iters: 900, epoch: 29 | loss: 0.2152383
	speed: 0.0437s/iter; left time: 6054.7677s
	iters: 1000, epoch: 29 | loss: 0.1643890
	speed: 0.0546s/iter; left time: 7556.1536s
	iters: 1100, epoch: 29 | loss: 0.1458214
	speed: 0.0490s/iter; left time: 6773.4311s
Epoch: 29 cost time: 59.80257511138916
Vali Metrics: mse:0.4114, mae:0.2627
Test Metrics: mse:0.1576013, mae:0.1917564
Epoch: 29, Steps: 1143 | Train Loss: 0.1761686 Vali Loss: 0.3370608 Test Loss: 0.1746788
EarlyStopping counter: 3 out of 10
	iters: 100, epoch: 30 | loss: 0.1557476
	speed: 0.6256s/iter; left time: 86458.0420s
	iters: 200, epoch: 30 | loss: 0.1885682
	speed: 0.0507s/iter; left time: 6994.9713s
	iters: 300, epoch: 30 | loss: 0.1597171
	speed: 0.0506s/iter; left time: 6976.8354s
	iters: 400, epoch: 30 | loss: 0.1918890
	speed: 0.0454s/iter; left time: 6264.4260s
	iters: 500, epoch: 30 | loss: 0.1558547
	speed: 0.0493s/iter; left time: 6789.6104s
	iters: 600, epoch: 30 | loss: 0.1526086
	speed: 0.0539s/iter; left time: 7415.4901s
	iters: 700, epoch: 30 | loss: 0.1787252
	speed: 0.0531s/iter; left time: 7300.4805s
	iters: 800, epoch: 30 | loss: 0.1788049
	speed: 0.0510s/iter; left time: 7010.1153s
	iters: 900, epoch: 30 | loss: 0.1748387
	speed: 0.0537s/iter; left time: 7378.0711s
	iters: 1000, epoch: 30 | loss: 0.1531188
	speed: 0.0522s/iter; left time: 7168.2431s
	iters: 1100, epoch: 30 | loss: 0.1733131
	speed: 0.0531s/iter; left time: 7278.8444s
Epoch: 30 cost time: 58.74514102935791
Vali Metrics: mse:0.4081, mae:0.2629
Test Metrics: mse:0.1570811, mae:0.1918314
Epoch: 30, Steps: 1143 | Train Loss: 0.1761121 Vali Loss: 0.3354788 Test Loss: 0.1744563
Validation loss decreased (0.336379 --> 0.335479).  Saving model ...
	iters: 100, epoch: 31 | loss: 0.2027887
	speed: 0.5972s/iter; left time: 81851.6920s
	iters: 200, epoch: 31 | loss: 0.2042092
	speed: 0.0553s/iter; left time: 7578.2905s
	iters: 300, epoch: 31 | loss: 0.1774041
	speed: 0.0563s/iter; left time: 7709.7719s
	iters: 400, epoch: 31 | loss: 0.1920611
	speed: 0.0594s/iter; left time: 8119.5717s
	iters: 500, epoch: 31 | loss: 0.1605856
	speed: 0.0558s/iter; left time: 7620.8035s
	iters: 600, epoch: 31 | loss: 0.2007297
	speed: 0.0570s/iter; left time: 7785.6617s
	iters: 700, epoch: 31 | loss: 0.1583466
	speed: 0.0560s/iter; left time: 7647.2658s
	iters: 800, epoch: 31 | loss: 0.1813075
	speed: 0.0578s/iter; left time: 7875.3937s
	iters: 900, epoch: 31 | loss: 0.1704189
	speed: 0.0572s/iter; left time: 7799.0413s
	iters: 1000, epoch: 31 | loss: 0.1751419
	speed: 0.0586s/iter; left time: 7982.4003s
	iters: 1100, epoch: 31 | loss: 0.1896956
	speed: 0.0550s/iter; left time: 7480.0121s
Epoch: 31 cost time: 64.39643621444702
Vali Metrics: mse:0.4088, mae:0.2632
Test Metrics: mse:0.1575326, mae:0.1923186
Epoch: 31, Steps: 1143 | Train Loss: 0.1760312 Vali Loss: 0.3360303 Test Loss: 0.1749256
EarlyStopping counter: 1 out of 10
	iters: 100, epoch: 32 | loss: 0.1735235
	speed: 0.5846s/iter; left time: 79460.9614s
	iters: 200, epoch: 32 | loss: 0.1678051
	speed: 0.0507s/iter; left time: 6880.7018s
	iters: 300, epoch: 32 | loss: 0.1542943
	speed: 0.0558s/iter; left time: 7572.9785s
	iters: 400, epoch: 32 | loss: 0.1589131
	speed: 0.0532s/iter; left time: 7216.3972s
	iters: 500, epoch: 32 | loss: 0.1852231
	speed: 0.0424s/iter; left time: 5750.4611s
	iters: 600, epoch: 32 | loss: 0.1821025
	speed: 0.0489s/iter; left time: 6615.5877s
	iters: 700, epoch: 32 | loss: 0.1853653
	speed: 0.0534s/iter; left time: 7225.0039s
	iters: 800, epoch: 32 | loss: 0.1882417
	speed: 0.0557s/iter; left time: 7527.6430s
	iters: 900, epoch: 32 | loss: 0.1827681
	speed: 0.0519s/iter; left time: 7014.9669s
	iters: 1000, epoch: 32 | loss: 0.1733354
	speed: 0.0531s/iter; left time: 7169.6019s
	iters: 1100, epoch: 32 | loss: 0.1974775
	speed: 0.0611s/iter; left time: 8240.1005s
Epoch: 32 cost time: 60.48444414138794
Vali Metrics: mse:0.4096, mae:0.2625
Test Metrics: mse:0.1572301, mae:0.1916671
Epoch: 32, Steps: 1143 | Train Loss: 0.1759885 Vali Loss: 0.3360550 Test Loss: 0.1744486
EarlyStopping counter: 2 out of 10
	iters: 100, epoch: 33 | loss: 0.1630076
	speed: 0.6383s/iter; left time: 86024.8201s
	iters: 200, epoch: 33 | loss: 0.1814393
	speed: 0.0474s/iter; left time: 6387.5537s
	iters: 300, epoch: 33 | loss: 0.2171097
	speed: 0.0488s/iter; left time: 6565.0431s
	iters: 400, epoch: 33 | loss: 0.1755490
	speed: 0.0494s/iter; left time: 6646.4482s
	iters: 500, epoch: 33 | loss: 0.1834678
	speed: 0.0529s/iter; left time: 7109.2019s
	iters: 600, epoch: 33 | loss: 0.1567256
	speed: 0.0494s/iter; left time: 6635.1571s
	iters: 700, epoch: 33 | loss: 0.1779343
	speed: 0.0484s/iter; left time: 6493.0072s
	iters: 800, epoch: 33 | loss: 0.1787848
	speed: 0.0530s/iter; left time: 7101.5275s
	iters: 900, epoch: 33 | loss: 0.1892605
	speed: 0.0559s/iter; left time: 7490.3772s
	iters: 1000, epoch: 33 | loss: 0.1726504
	speed: 0.0569s/iter; left time: 7611.6293s
	iters: 1100, epoch: 33 | loss: 0.1713495
	speed: 0.0566s/iter; left time: 7567.5657s
Epoch: 33 cost time: 59.58515214920044
Vali Metrics: mse:0.4104, mae:0.2634
Test Metrics: mse:0.1577874, mae:0.1923377
Epoch: 33, Steps: 1143 | Train Loss: 0.1758913 Vali Loss: 0.3369308 Test Loss: 0.1750625
EarlyStopping counter: 3 out of 10
	iters: 100, epoch: 34 | loss: 0.1627204
	speed: 0.6167s/iter; left time: 82409.5619s
	iters: 200, epoch: 34 | loss: 0.1735568
	speed: 0.0504s/iter; left time: 6725.9565s
	iters: 300, epoch: 34 | loss: 0.1638198
	speed: 0.0530s/iter; left time: 7077.3626s
	iters: 400, epoch: 34 | loss: 0.1727386
	speed: 0.0511s/iter; left time: 6809.0054s
	iters: 500, epoch: 34 | loss: 0.1824944
	speed: 0.0532s/iter; left time: 7092.7890s
	iters: 600, epoch: 34 | loss: 0.1720800
	speed: 0.0482s/iter; left time: 6419.9907s
	iters: 700, epoch: 34 | loss: 0.1848160
	speed: 0.0534s/iter; left time: 7104.6233s
	iters: 800, epoch: 34 | loss: 0.1780307
	speed: 0.0556s/iter; left time: 7384.3942s
	iters: 900, epoch: 34 | loss: 0.1824617
	speed: 0.0584s/iter; left time: 7762.1046s
	iters: 1000, epoch: 34 | loss: 0.1688720
	speed: 0.0525s/iter; left time: 6964.8999s
	iters: 1100, epoch: 34 | loss: 0.1933740
	speed: 0.0510s/iter; left time: 6758.2341s
Epoch: 34 cost time: 60.85471844673157
Vali Metrics: mse:0.4117, mae:0.2631
Test Metrics: mse:0.1577882, mae:0.1919818
Epoch: 34, Steps: 1143 | Train Loss: 0.1759109 Vali Loss: 0.3373908 Test Loss: 0.1748850
EarlyStopping counter: 4 out of 10
	iters: 100, epoch: 35 | loss: 0.1672174
	speed: 0.6026s/iter; left time: 79841.5233s
	iters: 200, epoch: 35 | loss: 0.1769441
	speed: 0.0436s/iter; left time: 5770.2270s
	iters: 300, epoch: 35 | loss: 0.1516399
	speed: 0.0524s/iter; left time: 6934.3028s
	iters: 400, epoch: 35 | loss: 0.1566687
	speed: 0.0577s/iter; left time: 7621.4533s
	iters: 500, epoch: 35 | loss: 0.1989651
	speed: 0.0565s/iter; left time: 7464.9610s
	iters: 600, epoch: 35 | loss: 0.1905070
	speed: 0.0553s/iter; left time: 7294.9448s
	iters: 700, epoch: 35 | loss: 0.2134845
	speed: 0.0509s/iter; left time: 6717.1809s
	iters: 800, epoch: 35 | loss: 0.1549701
	speed: 0.0525s/iter; left time: 6924.8746s
	iters: 900, epoch: 35 | loss: 0.1855165
	speed: 0.0540s/iter; left time: 7115.6444s
	iters: 1000, epoch: 35 | loss: 0.1493892
	speed: 0.0545s/iter; left time: 7171.4603s
	iters: 1100, epoch: 35 | loss: 0.1683861
	speed: 0.0503s/iter; left time: 6612.6239s
Epoch: 35 cost time: 60.093929052352905
Vali Metrics: mse:0.4081, mae:0.2633
Test Metrics: mse:0.1575098, mae:0.1923160
Epoch: 35, Steps: 1143 | Train Loss: 0.1758640 Vali Loss: 0.3357118 Test Loss: 0.1749129
EarlyStopping counter: 5 out of 10
	iters: 100, epoch: 36 | loss: 0.1696408
	speed: 0.6345s/iter; left time: 83338.5924s
	iters: 200, epoch: 36 | loss: 0.1563614
	speed: 0.0405s/iter; left time: 5318.8812s
	iters: 300, epoch: 36 | loss: 0.2072724
	speed: 0.0428s/iter; left time: 5616.2478s
	iters: 400, epoch: 36 | loss: 0.1633448
	speed: 0.0532s/iter; left time: 6971.5543s
	iters: 500, epoch: 36 | loss: 0.1808177
	speed: 0.0446s/iter; left time: 5838.4234s
	iters: 600, epoch: 36 | loss: 0.1637572
	speed: 0.0416s/iter; left time: 5443.1744s
	iters: 700, epoch: 36 | loss: 0.1729785
	speed: 0.0306s/iter; left time: 3994.6598s
	iters: 800, epoch: 36 | loss: 0.1796679
	speed: 0.0386s/iter; left time: 5040.1421s
	iters: 900, epoch: 36 | loss: 0.1866674
	speed: 0.0413s/iter; left time: 5386.2488s
	iters: 1000, epoch: 36 | loss: 0.1647125
	speed: 0.0419s/iter; left time: 5467.5837s
	iters: 1100, epoch: 36 | loss: 0.1666271
	speed: 0.0480s/iter; left time: 6253.7423s
Epoch: 36 cost time: 49.77133846282959
Vali Metrics: mse:0.4103, mae:0.2634
Test Metrics: mse:0.1573604, mae:0.1917571
Epoch: 36, Steps: 1143 | Train Loss: 0.1757265 Vali Loss: 0.3368572 Test Loss: 0.1745587
EarlyStopping counter: 6 out of 10
	iters: 100, epoch: 37 | loss: 0.1826658
	speed: 0.5702s/iter; left time: 74247.4593s
	iters: 200, epoch: 37 | loss: 0.1659050
	speed: 0.0351s/iter; left time: 4572.4075s
	iters: 300, epoch: 37 | loss: 0.1733744
	speed: 0.0379s/iter; left time: 4932.1900s
	iters: 400, epoch: 37 | loss: 0.1579728
	speed: 0.0276s/iter; left time: 3582.3554s
	iters: 500, epoch: 37 | loss: 0.1691773
	speed: 0.0312s/iter; left time: 4047.8734s
	iters: 600, epoch: 37 | loss: 0.1780718
	speed: 0.0377s/iter; left time: 4888.9660s
	iters: 700, epoch: 37 | loss: 0.2001462
	speed: 0.0406s/iter; left time: 5262.4203s
	iters: 800, epoch: 37 | loss: 0.1650661
	speed: 0.0388s/iter; left time: 5018.7066s
	iters: 900, epoch: 37 | loss: 0.1961541
	speed: 0.0318s/iter; left time: 4109.8718s
	iters: 1000, epoch: 37 | loss: 0.1746842
	speed: 0.0357s/iter; left time: 4610.1804s
	iters: 1100, epoch: 37 | loss: 0.1793207
	speed: 0.0402s/iter; left time: 5188.7167s
Epoch: 37 cost time: 41.787901401519775
Vali Metrics: mse:0.4089, mae:0.2625
Test Metrics: mse:0.1575333, mae:0.1918643
Epoch: 37, Steps: 1143 | Train Loss: 0.1756936 Vali Loss: 0.3357436 Test Loss: 0.1746988
EarlyStopping counter: 7 out of 10
	iters: 100, epoch: 38 | loss: 0.1776228
	speed: 0.5346s/iter; left time: 68999.8836s
	iters: 200, epoch: 38 | loss: 0.1792661
	speed: 0.0468s/iter; left time: 6030.8643s
	iters: 300, epoch: 38 | loss: 0.1748936
	speed: 0.0454s/iter; left time: 5845.3234s
	iters: 400, epoch: 38 | loss: 0.1469907
	speed: 0.0391s/iter; left time: 5036.0237s
	iters: 500, epoch: 38 | loss: 0.1729630
	speed: 0.0428s/iter; left time: 5512.5501s
	iters: 600, epoch: 38 | loss: 0.1914346
	speed: 0.0358s/iter; left time: 4604.2284s
	iters: 700, epoch: 38 | loss: 0.1640836
	speed: 0.0358s/iter; left time: 4596.9917s
	iters: 800, epoch: 38 | loss: 0.1776889
	speed: 0.0359s/iter; left time: 4613.5845s
	iters: 900, epoch: 38 | loss: 0.1733259
	speed: 0.0418s/iter; left time: 5367.0819s
	iters: 1000, epoch: 38 | loss: 0.1866307
	speed: 0.0435s/iter; left time: 5573.4254s
	iters: 1100, epoch: 38 | loss: 0.1813044
	speed: 0.0441s/iter; left time: 5650.2816s
Epoch: 38 cost time: 48.034926414489746
Vali Metrics: mse:0.4103, mae:0.2640
Test Metrics: mse:0.1575215, mae:0.1921168
Epoch: 38, Steps: 1143 | Train Loss: 0.1756522 Vali Loss: 0.3371385 Test Loss: 0.1748191
EarlyStopping counter: 8 out of 10
	iters: 100, epoch: 39 | loss: 0.1885720
	speed: 0.5306s/iter; left time: 67868.5841s
	iters: 200, epoch: 39 | loss: 0.1743263
	speed: 0.0449s/iter; left time: 5734.0974s
	iters: 300, epoch: 39 | loss: 0.1611675
	speed: 0.0416s/iter; left time: 5308.6288s
	iters: 400, epoch: 39 | loss: 0.1861200
	speed: 0.0357s/iter; left time: 4559.5451s
	iters: 500, epoch: 39 | loss: 0.1914088
	speed: 0.0375s/iter; left time: 4775.5550s
	iters: 600, epoch: 39 | loss: 0.1915623
	speed: 0.0378s/iter; left time: 4816.0882s
	iters: 700, epoch: 39 | loss: 0.1615485
	speed: 0.0352s/iter; left time: 4482.4845s
	iters: 800, epoch: 39 | loss: 0.1610480
	speed: 0.0365s/iter; left time: 4642.6863s
	iters: 900, epoch: 39 | loss: 0.1764456
	speed: 0.0341s/iter; left time: 4332.7656s
	iters: 1000, epoch: 39 | loss: 0.1830886
	speed: 0.0310s/iter; left time: 3931.4669s
	iters: 1100, epoch: 39 | loss: 0.1645968
	speed: 0.0304s/iter; left time: 3858.5972s
Epoch: 39 cost time: 42.67215633392334
Vali Metrics: mse:0.4099, mae:0.2625
Test Metrics: mse:0.1571877, mae:0.1913712
Epoch: 39, Steps: 1143 | Train Loss: 0.1755954 Vali Loss: 0.3361853 Test Loss: 0.1742795
EarlyStopping counter: 9 out of 10
	iters: 100, epoch: 40 | loss: 0.1663674
	speed: 0.5355s/iter; left time: 67893.5507s
	iters: 200, epoch: 40 | loss: 0.1807310
	speed: 0.0451s/iter; left time: 5712.8337s
	iters: 300, epoch: 40 | loss: 0.1655226
	speed: 0.0494s/iter; left time: 6250.0892s
	iters: 400, epoch: 40 | loss: 0.1960324
	speed: 0.0396s/iter; left time: 5014.1075s
	iters: 500, epoch: 40 | loss: 0.1892720
	speed: 0.0404s/iter; left time: 5105.1838s
	iters: 600, epoch: 40 | loss: 0.1901761
	speed: 0.0352s/iter; left time: 4439.7915s
	iters: 700, epoch: 40 | loss: 0.1780585
	speed: 0.0325s/iter; left time: 4095.0206s
	iters: 800, epoch: 40 | loss: 0.1831417
	speed: 0.0376s/iter; left time: 4744.3411s
	iters: 900, epoch: 40 | loss: 0.1870792
	speed: 0.0380s/iter; left time: 4784.3419s
	iters: 1000, epoch: 40 | loss: 0.1724078
	speed: 0.0349s/iter; left time: 4397.6873s
	iters: 1100, epoch: 40 | loss: 0.1846009
	speed: 0.0345s/iter; left time: 4336.3618s
Epoch: 40 cost time: 45.170520067214966
Vali Metrics: mse:0.4111, mae:0.2628
Test Metrics: mse:0.1575663, mae:0.1916383
Epoch: 40, Steps: 1143 | Train Loss: 0.1755180 Vali Loss: 0.3369621 Test Loss: 0.1746023
EarlyStopping counter: 10 out of 10
Early stopping
loading model, best model path: ./checkpoints/long_term_forecast_weather_rerun_2021_DeepEDM_custom_ftM_sl192_ll48_pl96_emdtimeF_test_0/checkpoint.pth
>>>>>>>testing : long_term_forecast_weather_rerun_2021_DeepEDM_custom_ftM_sl192_ll48_pl96_emdtimeF_test_0<<<<<<<<<<<<<<<<<<<<<<<<<<<<<<<<<
test 10444
test shape: (10444, 96, 21) (10444, 96, 21)
mse:0.15709002315998077, mae:0.19182921946048737, dtw:not calculated
